[debug] [2019-03-02T01:12:50.379Z] ----------------------------------------------------------------------
[debug] [2019-03-02T01:12:50.385Z] Command:       /home/lubin/.nvm/versions/node/v11.10.1/bin/node /home/lubin/.nvm/versions/node/v11.10.1/bin/firebase init
[debug] [2019-03-02T01:12:50.385Z] CLI Version:   6.4.0
[debug] [2019-03-02T01:12:50.386Z] Platform:      linux
[debug] [2019-03-02T01:12:50.386Z] Node Version:  v11.10.1
[debug] [2019-03-02T01:12:50.386Z] Time:          Fri Mar 01 2019 20:12:50 GMT-0500 (Eastern Standard Time)
[debug] [2019-03-02T01:12:50.386Z] ----------------------------------------------------------------------
[debug] 
[debug] [2019-03-02T01:12:50.405Z] > command requires scopes: ["email","openid","https://www.googleapis.com/auth/cloudplatformprojects.readonly","https://www.googleapis.com/auth/firebase","https://www.googleapis.com/auth/cloud-platform"]
[debug] [2019-03-02T01:12:50.405Z] > authorizing via signed-in user
[info] 
     ######## #### ########  ######## ########     ###     ######  ########
     ##        ##  ##     ## ##       ##     ##  ##   ##  ##       ##
     ######    ##  ########  ######   ########  #########  ######  ######
     ##        ##  ##    ##  ##       ##     ## ##     ##       ## ##
     ##       #### ##     ## ######## ########  ##     ##  ######  ########

You're about to initialize a Firebase project in this directory:

  /home/lubin/pretty-penny-landing

Before we get started, keep in mind:

  * You are initializing in an existing Firebase project directory

[info] 
=== Project Setup
[info] 
[info] First, let's associate this project directory with a Firebase project.
[info] You can create multiple project aliases by running firebase use --add, 
[info] but for now we'll just set up a default project.
[info] 
[info] i  .firebaserc already has a default project, skipping
[info] 
=== Hosting Setup
[info] 
[info] Your public directory is the folder (relative to your project directory) that
[info] will contain Hosting assets to be uploaded with firebase deploy. If you
[info] have a build process for your assets, use your build's output directory.
[info] 
[info] ✔  Wrote public/404.html
[debug] [2019-03-02T01:23:57.330Z] >>> HTTP REQUEST GET https://www.gstatic.com/firebasejs/releases.json  
 
[debug] [2019-03-02T01:23:57.711Z] <<< HTTP RESPONSE 200
[info] i  Skipping write of public/index.html
[info] 
[info] i  Writing configuration info to firebase.json...
[info] i  Writing project information to .firebaserc...
[info] 
[info] ✔  Firebase initialization complete!
